hustpass2/build/outputs/apk/manifest-merger-debug-report.txt
-- Merging decision tree log ---
manifest
ADDED from AndroidManifest.xml:2:1
	package
		ADDED from AndroidManifest.xml:4:5
	android:versionName
		ADDED from AndroidManifest.xml:6:5
	xmlns:tools
		ADDED from AndroidManifest.xml:3:5
	android:versionCode
		ADDED from AndroidManifest.xml:5:5
		INJECTED from AndroidManifest.xml:0:0
		INJECTED from AndroidManifest.xml:0:0
	xmlns:android
		ADDED from AndroidManifest.xml:2:11
uses-permission#android.permission.INTERNET
ADDED from AndroidManifest.xml:10:5
	android:name
		ADDED from AndroidManifest.xml:10:22
uses-permission#android.permission.ACCESS_NETWORK_STATE
ADDED from AndroidManifest.xml:11:5
	android:name
		ADDED from AndroidManifest.xml:11:22
uses-permission#android.permission.CHANGE_WIFI_STATE
ADDED from AndroidManifest.xml:12:5
	android:name
		ADDED from AndroidManifest.xml:12:22
uses-permission#android.permission.ACCESS_WIFI_STATE
ADDED from AndroidManifest.xml:13:5
	android:name
		ADDED from AndroidManifest.xml:13:22
uses-permission#android.permission.RECEIVE_BOOT_COMPLETED
ADDED from AndroidManifest.xml:14:5
	android:name
		ADDED from AndroidManifest.xml:14:22
uses-permission#android.permission.ACCESS_COARSE_LOCATION
ADDED from AndroidManifest.xml:15:5
	android:name
		ADDED from AndroidManifest.xml:15:22
uses-permission#android.permission.ACCESS_FINE_LOCATION
ADDED from AndroidManifest.xml:16:5
	android:name
		ADDED from AndroidManifest.xml:16:22
uses-permission#android.permission.ACCESS_LOCATION_EXTRA_COMMANDS
ADDED from AndroidManifest.xml:17:5
	android:name
		ADDED from AndroidManifest.xml:17:22
uses-permission#android.permission.ACCESS_GPS
ADDED from AndroidManifest.xml:18:5
	android:name
		ADDED from AndroidManifest.xml:18:22
uses-permission#android.permission.ACCESS_COARSE_UPDATES
ADDED from AndroidManifest.xml:19:5
	android:name
		ADDED from AndroidManifest.xml:19:22
uses-permission#android.permission.WRITE_EXTERNAL_STORAGE
ADDED from AndroidManifest.xml:20:5
	android:name
		ADDED from AndroidManifest.xml:20:22
uses-permission#com.android.launcher.permission.INSTALL_SHORTCUT
ADDED from AndroidManifest.xml:21:5
	android:name
		ADDED from AndroidManifest.xml:21:22
uses-permission#android.permission.GET_TASKS
ADDED from AndroidManifest.xml:22:5
	android:name
		ADDED from AndroidManifest.xml:22:22
uses-permission#android.permission.READ_PHONE_STATE
ADDED from AndroidManifest.xml:23:5
	android:name
		ADDED from AndroidManifest.xml:23:22
uses-permission#android.permission.CALL_PHONE
ADDED from AndroidManifest.xml:24:5
	android:name
		ADDED from AndroidManifest.xml:24:22
uses-permission#android.permission.WRITE_SETTINGS
ADDED from AndroidManifest.xml:25:5
	android:name
		ADDED from AndroidManifest.xml:25:22
uses-permission#android.permission.VIBRATE
ADDED from AndroidManifest.xml:26:5
	android:name
		ADDED from AndroidManifest.xml:26:22
uses-permission#android.permission.WAKE_LOCK
ADDED from AndroidManifest.xml:27:5
	android:name
		ADDED from AndroidManifest.xml:27:22
application
ADDED from AndroidManifest.xml:29:5
MERGED from com.actionbarsherlock:actionbarsherlock:4.4.0:4:3
MERGED from com.android.support:cardview-v7:21.0.3:16:5
MERGED from com.android.support:recyclerview-v7:21.0.3:17:5
MERGED from com.android.support:support-v4:21.0.3:16:5
MERGED from com.android.support:palette-v7:21.0.3:16:5
MERGED from com.android.support:support-v4:21.0.3:16:5
MERGED from hustpass-2.X:library:unspecified:6:5
MERGED from com.github.johnpersano:supertoasts:1.3.4:11:5
	android:label
		ADDED from AndroidManifest.xml:33:9
	android:allowBackup
		ADDED from AndroidManifest.xml:31:9
	android:icon
		ADDED from AndroidManifest.xml:32:9
	android:theme
		ADDED from AndroidManifest.xml:34:9
	android:name
		ADDED from AndroidManifest.xml:30:9
meta-data#UMENG_APPKEY
ADDED from AndroidManifest.xml:35:9
	android:value
		ADDED from AndroidManifest.xml:37:13
	android:name
		ADDED from AndroidManifest.xml:36:13
meta-data#UMENG_CHANNEL
ADDED from AndroidManifest.xml:38:9
	android:value
		ADDED from AndroidManifest.xml:40:13
	android:name
		ADDED from AndroidManifest.xml:39:13
activity#com.umeng.fb.ConversationActivity
ADDED from AndroidManifest.xml:42:9
	android:theme
		ADDED from AndroidManifest.xml:44:13
	android:name
		ADDED from AndroidManifest.xml:43:13
activity#com.umeng.fb.ContactActivity
ADDED from AndroidManifest.xml:45:9
	android:theme
		ADDED from AndroidManifest.xml:47:13
	android:name
		ADDED from AndroidManifest.xml:46:13
activity#net.bingyan.hustpass.ui.pref.PrefElecActivity
ADDED from AndroidManifest.xml:48:9
	android:name
		ADDED from AndroidManifest.xml:48:19
activity#net.bingyan.hustpass.ui.pref.PrefNetActivity
ADDED from AndroidManifest.xml:50:9
	android:name
		ADDED from AndroidManifest.xml:50:19
activity#net.bingyan.hustpass.ui.LauncherActivity
ADDED from AndroidManifest.xml:52:9
	android:theme
		ADDED from AndroidManifest.xml:54:13
	android:name
		ADDED from AndroidManifest.xml:53:13
intent-filter#android.intent.action.MAIN+android.intent.category.LAUNCHER
ADDED from AndroidManifest.xml:55:13
action#android.intent.action.MAIN
ADDED from AndroidManifest.xml:56:17
	android:name
		ADDED from AndroidManifest.xml:56:25
category#android.intent.category.LAUNCHER
ADDED from AndroidManifest.xml:58:17
	android:name
		ADDED from AndroidManifest.xml:58:27
activity#net.bingyan.hustpass.module.news.NewsWebViewActivity
ADDED from AndroidManifest.xml:61:9
	android:label
		ADDED from AndroidManifest.xml:63:13
	android:name
		ADDED from AndroidManifest.xml:62:13
activity#net.bingyan.hustpass.ui.base.WebViewActivity
ADDED from AndroidManifest.xml:65:9
	android:label
		ADDED from AndroidManifest.xml:67:13
	android:name
		ADDED from AndroidManifest.xml:66:13
activity#net.bingyan.hustpass.module.lecture.LectureContentActivity
ADDED from AndroidManifest.xml:69:9
	android:label
		ADDED from AndroidManifest.xml:71:13
	android:name
		ADDED from AndroidManifest.xml:70:13
activity#net.bingyan.hustpass.module.food.FoodShopDeatailActivity
ADDED from AndroidManifest.xml:73:9
	android:label
		ADDED from AndroidManifest.xml:75:13
	android:name
		ADDED from AndroidManifest.xml:74:13
activity#net.bingyan.hustpass.module.lib.LibraryListActivity
ADDED from AndroidManifest.xml:77:9
	android:label
		ADDED from AndroidManifest.xml:79:13
	android:name
		ADDED from AndroidManifest.xml:78:13
activity#net.bingyan.hustpass.module.lib.LibraryDetailActivity
ADDED from AndroidManifest.xml:81:9
	android:label
		ADDED from AndroidManifest.xml:83:13
	android:name
		ADDED from AndroidManifest.xml:82:13
activity#net.bingyan.hustpass.module.elec.ElecDetailActivity
ADDED from AndroidManifest.xml:85:9
	android:label
		ADDED from AndroidManifest.xml:87:13
	android:name
		ADDED from AndroidManifest.xml:86:13
activity#net.bingyan.hustpass.ui.pref.PrefScorePswordActivity
ADDED from AndroidManifest.xml:89:9
	android:label
		ADDED from AndroidManifest.xml:91:13
	android:name
		ADDED from AndroidManifest.xml:90:13
activity#net.bingyan.hustpass.ui.VersionInfoActivity
ADDED from AndroidManifest.xml:93:9
	android:label
		ADDED from AndroidManifest.xml:95:13
	android:name
		ADDED from AndroidManifest.xml:94:13
activity#net.bingyan.hustpass.ui.base.WebViewJsActivity
ADDED from AndroidManifest.xml:97:9
	android:label
		ADDED from AndroidManifest.xml:99:13
	android:name
		ADDED from AndroidManifest.xml:98:13
activity#net.bingyan.hustpass.ui.WelcomeActivity
ADDED from AndroidManifest.xml:101:9
	android:theme
		ADDED from AndroidManifest.xml:103:13
	android:name
		ADDED from AndroidManifest.xml:102:13
receiver#net.bingyan.hustpass.provider.WifiWidgetProvider
ADDED from AndroidManifest.xml:106:9
	android:label
		ADDED from AndroidManifest.xml:108:13
	android:name
		ADDED from AndroidManifest.xml:107:13
intent-filter#android.appwidget.action.APPWIDGET_UPDATE+hustpass2.edunet.action.STATUS_UPDATED
ADDED from AndroidManifest.xml:109:13
action#android.appwidget.action.APPWIDGET_UPDATE
ADDED from AndroidManifest.xml:110:17
	android:name
		ADDED from AndroidManifest.xml:110:25
action#hustpass2.edunet.action.STATUS_UPDATED
ADDED from AndroidManifest.xml:111:17
	android:name
		ADDED from AndroidManifest.xml:111:25
meta-data#android.appwidget.provider
ADDED from AndroidManifest.xml:114:13
	android:resource
		ADDED from AndroidManifest.xml:116:17
	android:name
		ADDED from AndroidManifest.xml:115:17
receiver#net.bingyan.hustpass.provider.ElecWidgetProvider
ADDED from AndroidManifest.xml:118:9
	android:label
		ADDED from AndroidManifest.xml:120:13
	android:name
		ADDED from AndroidManifest.xml:119:13
intent-filter#android.appwidget.action.APPWIDGET_UPDATE+hustpass2.elec.action.STATUS_UPDATED
ADDED from AndroidManifest.xml:121:13
action#hustpass2.elec.action.STATUS_UPDATED
ADDED from AndroidManifest.xml:123:17
	android:name
		ADDED from AndroidManifest.xml:123:25
receiver#net.bingyan.hustpass.receiver.WifiStateChangeReceiver
ADDED from AndroidManifest.xml:130:9
	android:name
		ADDED from AndroidManifest.xml:130:19
intent-filter#android.net.wifi.STATE_CHANGE+android.net.wifi.supplicant.CONNECTION_CHANGE
ADDED from AndroidManifest.xml:131:13
action#android.net.wifi.supplicant.CONNECTION_CHANGE
ADDED from AndroidManifest.xml:132:17
	android:name
		ADDED from AndroidManifest.xml:132:25
action#android.net.wifi.STATE_CHANGE
ADDED from AndroidManifest.xml:133:17
	android:name
		ADDED from AndroidManifest.xml:133:25
receiver#net.bingyan.hustpass.receiver.UpdateAlarmReceiver
ADDED from AndroidManifest.xml:136:9
	android:name
		ADDED from AndroidManifest.xml:136:19
receiver#net.bingyan.hustpass.receiver.BootReceiver
ADDED from AndroidManifest.xml:137:9
	android:name
		ADDED from AndroidManifest.xml:137:19
intent-filter#android.intent.action.BOOT_COMPLETED
ADDED from AndroidManifest.xml:138:13
action#android.intent.action.BOOT_COMPLETED
ADDED from AndroidManifest.xml:139:17
	android:name
		ADDED from AndroidManifest.xml:139:25
service#com.umeng.common.net.DownloadingService
ADDED from AndroidManifest.xml:143:9
	android:process
		ADDED from AndroidManifest.xml:145:13
	android:name
		ADDED from AndroidManifest.xml:144:13
activity#com.umeng.update.UpdateDialogActivity
ADDED from AndroidManifest.xml:148:9
	android:theme
		ADDED from AndroidManifest.xml:150:13
	android:name
		ADDED from AndroidManifest.xml:149:13
activity#net.bingyan.hustpass.ui.HomeActivity
ADDED from AndroidManifest.xml:154:9
	android:label
		ADDED from AndroidManifest.xml:156:13
	android:launchMode
		ADDED from AndroidManifest.xml:157:13
	android:name
		ADDED from AndroidManifest.xml:155:13
activity#net.bingyan.hustpass.module.ann.AnnActivity
ADDED from AndroidManifest.xml:159:9
	android:label
		ADDED from AndroidManifest.xml:161:13
	android:name
		ADDED from AndroidManifest.xml:160:13
activity#net.bingyan.hustpass.module.classroom.ClassroomActivity
ADDED from AndroidManifest.xml:163:9
	android:label
		ADDED from AndroidManifest.xml:165:13
	android:name
		ADDED from AndroidManifest.xml:164:13
activity#net.bingyan.hustpass.module.compter.ComputerRoomActivity
ADDED from AndroidManifest.xml:167:9
	android:label
		ADDED from AndroidManifest.xml:169:13
	android:name
		ADDED from AndroidManifest.xml:168:13
activity#net.bingyan.hustpass.module.elec.ElectricActivity
ADDED from AndroidManifest.xml:171:9
	android:label
		ADDED from AndroidManifest.xml:173:13
	android:windowSoftInputMode
		ADDED from AndroidManifest.xml:174:13
	android:name
		ADDED from AndroidManifest.xml:172:13
activity#net.bingyan.hustpass.module.food.FoodActivity
ADDED from AndroidManifest.xml:176:9
	android:label
		ADDED from AndroidManifest.xml:178:13
	android:name
		ADDED from AndroidManifest.xml:177:13
activity#net.bingyan.hustpass.module.iknow.IknowActivity
ADDED from AndroidManifest.xml:180:9
	android:label
		ADDED from AndroidManifest.xml:182:13
	android:name
		ADDED from AndroidManifest.xml:181:13
activity#net.bingyan.hustpass.module.lecture.LectureActivity
ADDED from AndroidManifest.xml:184:9
	android:label
		ADDED from AndroidManifest.xml:186:13
	android:name
		ADDED from AndroidManifest.xml:185:13
activity#net.bingyan.hustpass.module.lib.LibraryActivity
ADDED from AndroidManifest.xml:188:9
	android:label
		ADDED from AndroidManifest.xml:190:13
	android:name
		ADDED from AndroidManifest.xml:189:13
activity#net.bingyan.hustpass.module.map.MapActivity
ADDED from AndroidManifest.xml:192:9
	android:label
		ADDED from AndroidManifest.xml:194:13
	android:name
		ADDED from AndroidManifest.xml:193:13
activity#net.bingyan.hustpass.module.news.NewsActivity
ADDED from AndroidManifest.xml:196:9
	android:label
		ADDED from AndroidManifest.xml:198:13
	android:name
		ADDED from AndroidManifest.xml:197:13
activity#net.bingyan.hustpass.module.score.HubLoginActivity
ADDED from AndroidManifest.xml:200:9
	android:label
		ADDED from AndroidManifest.xml:202:13
	android:windowSoftInputMode
		ADDED from AndroidManifest.xml:203:13
	android:name
		ADDED from AndroidManifest.xml:201:13
activity#net.bingyan.hustpass.module.score.ScoreActivity
ADDED from AndroidManifest.xml:205:9
	android:label
		ADDED from AndroidManifest.xml:207:13
	android:name
		ADDED from AndroidManifest.xml:206:13
activity#net.bingyan.hustpass.module.wifi.WifiActivity
ADDED from AndroidManifest.xml:209:9
	android:label
		ADDED from AndroidManifest.xml:211:13
	android:windowSoftInputMode
		ADDED from AndroidManifest.xml:212:13
	android:name
		ADDED from AndroidManifest.xml:210:13
activity#net.bingyan.hustpass.ui.AccountActivity
ADDED from AndroidManifest.xml:214:9
	android:label
		ADDED from AndroidManifest.xml:216:13
	android:windowSoftInputMode
		ADDED from AndroidManifest.xml:217:13
	android:name
		ADDED from AndroidManifest.xml:215:13
activity#net.bingyan.hustpass.ui.UserActivity
ADDED from AndroidManifest.xml:219:9
	android:label
		ADDED from AndroidManifest.xml:221:13
	android:name
		ADDED from AndroidManifest.xml:220:13
activity#net.bingyan.hustpass.ui.pref.PrefActivity
ADDED from AndroidManifest.xml:223:9
	android:label
		ADDED from AndroidManifest.xml:225:13
	android:name
		ADDED from AndroidManifest.xml:224:13
service#net.bingyan.hustpass.service.WifiConnectService
ADDED from AndroidManifest.xml:228:9
	android:name
		ADDED from AndroidManifest.xml:228:18
service#net.bingyan.hustpass.module.recruit.RecruitCheckWifi
ADDED from AndroidManifest.xml:232:9
	android:enabled
		ADDED from AndroidManifest.xml:234:13
	android:exported
		ADDED from AndroidManifest.xml:235:13
	android:name
		ADDED from AndroidManifest.xml:233:13
receiver#net.bingyan.hustpass.module.recruit.FindWifiReceiver
ADDED from AndroidManifest.xml:238:9
	android:name
		ADDED from AndroidManifest.xml:238:19
intent-filter#android.net.wifi.SCAN_RESULTS+net.bingyan.wifi.scan
ADDED from AndroidManifest.xml:239:13
action#android.net.wifi.SCAN_RESULTS
ADDED from AndroidManifest.xml:240:17
	android:name
		ADDED from AndroidManifest.xml:240:25
action#net.bingyan.wifi.scan
ADDED from AndroidManifest.xml:241:17
	android:name
		ADDED from AndroidManifest.xml:241:25
service#net.bingyan.hustpass.module.recruit.openudid.OpenUDID_service
ADDED from AndroidManifest.xml:245:9
	android:name
		ADDED from AndroidManifest.xml:245:18
intent-filter#org.OpenUDID.GETUDID
ADDED from AndroidManifest.xml:246:13
action#org.OpenUDID.GETUDID
ADDED from AndroidManifest.xml:247:17
	android:name
		ADDED from AndroidManifest.xml:247:25
activity#net.bingyan.hustpass.module.recruit.RecruitLotteryActivity
ADDED from AndroidManifest.xml:251:9
	android:theme
		ADDED from AndroidManifest.xml:253:13
	android:name
		ADDED from AndroidManifest.xml:252:13
uses-sdk
INJECTED from AndroidManifest.xml:0:0 reason: use-sdk injection requested
MERGED from hustpass-2.X.libs.gesture-imageview:main:unspecified:7:5
MERGED from com.actionbarsherlock:actionbarsherlock:4.4.0:3:3
MERGED from com.android.support:cardview-v7:21.0.3:15:5
MERGED from com.android.support:recyclerview-v7:21.0.3:15:5
MERGED from com.android.support:support-v4:21.0.3:15:5
MERGED from com.android.support:palette-v7:21.0.3:15:5
MERGED from com.android.support:support-v4:21.0.3:15:5
MERGED from com.github.johnpersano:supertoasts:1.3.4:7:5
	android:targetSdkVersion
		INJECTED from AndroidManifest.xml:0:0
		INJECTED from AndroidManifest.xml:0:0
	android:minSdkVersion
		INJECTED from AndroidManifest.xml:0:0
		INJECTED from AndroidManifest.xml:0:0
activity#android.support.v7.widget.TestActivity
ADDED from com.android.support:recyclerview-v7:21.0.3:18:9
	android:label
		ADDED from com.android.support:recyclerview-v7:21.0.3:18:19
	android:name
		ADDED from com.android.support:recyclerview-v7:21.0.3:18:60